\BOOKMARK [1][-]{section.1}{\376\377\127\372\147\054\144\315\117\134}{}% 1
\BOOKMARK [2][-]{subsection.1.1}{\376\377\232\330\174\276\136\246\166\370\121\163}{section.1}% 2
\BOOKMARK [3][-]{subsubsection.1.1.1}{\376\377\232\330\174\276\136\246\145\164\145\160}{subsection.1.1}% 3
\BOOKMARK [3][-]{subsubsection.1.1.2}{\376\377\232\330\174\276\136\246\122\006\145\160}{subsection.1.1}% 4
\BOOKMARK [2][-]{subsection.1.2}{\376\377\217\223\121\145\217\223\121\372\117\030\123\026}{section.1}% 5
\BOOKMARK [2][-]{subsection.1.3}{\376\377\133\236\165\050\123\141\136\070\142\200\135\347}{section.1}% 6
\BOOKMARK [3][-]{subsubsection.1.3.1}{\376\377\142\113\121\231\000\040\000g\000c\000d}{subsection.1.3}% 7
\BOOKMARK [3][-]{subsubsection.1.3.2}{\376\377\137\072\122\066\134\125\137\000}{subsection.1.3}% 8
\BOOKMARK [1][-]{section.2}{\376\377\127\372\170\100\173\227\154\325}{}% 9
\BOOKMARK [2][-]{subsection.2.1}{\376\377\144\034\175\042}{section.2}% 10
\BOOKMARK [3][-]{subsubsection.2.1.1}{\376\377\136\070\211\301\117\030\123\026}{subsection.2.1}% 11
\BOOKMARK [3][-]{subsubsection.2.1.2}{\376\377\145\164\145\160\166\204\142\306\122\006\145\271\150\110}{subsection.2.1}% 12
\BOOKMARK [3][-]{subsubsection.2.1.3}{\376\377\142\123\210\150\116\016\176\323\213\272}{subsection.2.1}% 13
\BOOKMARK [2][-]{subsection.2.2}{\376\377\215\052\137\303}{section.2}% 14
\BOOKMARK [3][-]{subsubsection.2.2.1}{\376\377\136\070\211\301\152\041\127\213}{subsection.2.2}% 15
\BOOKMARK [2][-]{subsection.2.3}{\376\377\116\214\122\006}{section.2}% 16
\BOOKMARK [3][-]{subsubsection.2.3.1}{\376\377\147\000\120\074\116\214\122\006}{subsection.2.3}% 17
\BOOKMARK [3][-]{subsubsection.2.3.2}{\376\377\122\006\145\160\211\304\122\022}{subsection.2.3}% 18
\BOOKMARK [3][-]{subsubsection.2.3.3}{\376\377\136\046\147\103\116\214\122\006\000/\121\370\117\030\123\026}{subsection.2.3}% 19
\BOOKMARK [3][-]{subsubsection.2.3.4}{\376\377\116\011\122\006}{subsection.2.3}% 20
\BOOKMARK [2][-]{subsection.2.4}{\376\377\122\006\154\273}{section.2}% 21
\BOOKMARK [3][-]{subsubsection.2.4.1}{\376\377\000C\000D\000Q\000\040\122\006\154\273}{subsection.2.4}% 22
\BOOKMARK [3][-]{subsubsection.2.4.2}{\376\377\147\201\120\074\122\006\154\273\000/\124\057\123\321\137\017\122\006\210\302}{subsection.2.4}% 23
\BOOKMARK [3][-]{subsubsection.2.4.3}{\376\377\176\277\153\265\150\021\122\006\154\273}{subsection.2.4}% 24
\BOOKMARK [3][-]{subsubsection.2.4.4}{\376\377\145\164\117\123\116\214\122\006}{subsection.2.4}% 25
\BOOKMARK [2][-]{subsection.2.5}{\376\377\122\250\140\001\211\304\122\022}{section.2}% 26
\BOOKMARK [3][-]{subsubsection.2.5.1}{\376\377\136\217\122\027\122\250\140\001\211\304\122\022}{subsection.2.5}% 27
\BOOKMARK [3][-]{subsubsection.2.5.2}{\376\377\150\021\116\012\122\250\140\001\211\304\122\022}{subsection.2.5}% 28
\BOOKMARK [3][-]{subsubsection.2.5.3}{\376\377\213\241\145\160\151\202\163\207\147\037\147\033\122\250\140\001\211\304\122\022}{subsection.2.5}% 29
\BOOKMARK [3][-]{subsubsection.2.5.4}{\376\377\145\160\117\115\122\250\140\001\211\304\122\022}{subsection.2.5}% 30
\BOOKMARK [3][-]{subsubsection.2.5.5}{\376\377\143\322\131\064\122\250\140\001\211\304\122\022}{subsection.2.5}% 31
\BOOKMARK [2][-]{subsection.2.6}{\376\377\226\217\147\072\123\026\173\227\154\325}{section.2}% 32
\BOOKMARK [3][-]{subsubsection.2.6.1}{\376\377\162\054\134\161\173\227\154\325\000/\152\041\142\337\220\000\160\153}{subsection.2.6}% 33
\BOOKMARK [3][-]{subsubsection.2.6.2}{\376\377\226\217\147\072\130\236\221\317\154\325}{subsection.2.6}% 34
\BOOKMARK [1][-]{section.3}{\376\377\145\160\143\156\176\323\147\204}{}% 35
\BOOKMARK [2][-]{subsection.3.1}{\376\377\150\010}{section.3}% 36
\BOOKMARK [3][-]{subsubsection.3.1.1}{\376\377\123\125\214\003\150\010}{subsection.3.1}% 37
\BOOKMARK [2][-]{subsection.3.2}{\376\377\226\037\122\027}{section.3}% 38
\BOOKMARK [3][-]{subsubsection.3.2.1}{\376\377\123\125\214\003\226\037\122\027}{subsection.3.2}% 39
\BOOKMARK [3][-]{subsubsection.3.2.2}{\376\377\123\314\172\357\226\037\122\027}{subsection.3.2}% 40
\BOOKMARK [2][-]{subsection.3.3}{\376\377\130\006\000/\117\030\121\110\226\037\122\027}{section.3}% 41
\BOOKMARK [3][-]{subsubsection.3.3.1}{\376\377\146\156\220\032\130\006}{subsection.3.3}% 42
\BOOKMARK [3][-]{subsubsection.3.3.2}{\376\377\123\357\136\166\130\006}{subsection.3.3}% 43
\BOOKMARK [2][-]{subsection.3.4}{\376\377\136\166\147\345\226\306}{section.3}% 44
\BOOKMARK [2][-]{subsection.3.5}{\376\377\000S\000T\000\040\210\150}{section.3}% 45
\BOOKMARK [2][-]{subsection.3.6}{\376\377\150\021\162\266\145\160\176\304}{section.3}% 46
\BOOKMARK [3][-]{subsubsection.3.6.1}{\376\377\123\125\160\271\117\356\145\071\123\072\225\364\147\345\213\342}{subsection.3.6}% 47
\BOOKMARK [3][-]{subsubsection.3.6.2}{\376\377\123\072\225\364\117\356\145\071\123\125\160\271\147\345\213\342}{subsection.3.6}% 48
\BOOKMARK [3][-]{subsubsection.3.6.3}{\376\377\123\072\225\364\117\356\145\071\123\072\225\364\147\345\213\342}{subsection.3.6}% 49
\BOOKMARK [3][-]{subsubsection.3.6.4}{\376\377\000\040\000O\000\050\000n\000\051\000\040\122\035\131\313\123\026}{subsection.3.6}% 50
\BOOKMARK [3][-]{subsubsection.3.6.5}{\376\377\147\345\213\342\173\054\000\040\000K\000\040\134\017}{subsection.3.6}% 51
\BOOKMARK [3][-]{subsubsection.3.6.6}{\376\377\232\330\176\364\150\021\162\266\145\160\176\304}{subsection.3.6}% 52
\BOOKMARK [2][-]{subsection.3.7}{\376\377\176\277\153\265\150\021}{section.3}% 53
\BOOKMARK [3][-]{subsubsection.3.7.1}{\376\377\147\116\215\205\176\277\153\265\150\021}{subsection.3.7}% 54
\BOOKMARK [3][-]{subsubsection.3.7.2}{\376\377\124\011\122\051\176\277\153\265\150\021}{subsection.3.7}% 55
\BOOKMARK [3][-]{subsubsection.3.7.3}{\376\377\000z\000k\000w\000\040\176\277\153\265\150\021}{subsection.3.7}% 56
\BOOKMARK [3][-]{subsubsection.3.7.4}{\376\377\176\277\153\265\150\021\124\010\136\166}{subsection.3.7}% 57
\BOOKMARK [3][-]{subsubsection.3.7.5}{\376\377\123\357\143\001\116\105\123\026\176\277\153\265\150\021\000/\121\375\145\160\137\017\176\277\153\265\150\021}{subsection.3.7}% 58
\BOOKMARK [2][-]{subsection.3.8}{\376\377\150\021\224\376\122\126\122\006}{section.3}% 59
\BOOKMARK [3][-]{subsubsection.3.8.1}{\376\377\221\315\224\376\122\126\122\006}{subsection.3.8}% 60
\BOOKMARK [3][-]{subsubsection.3.8.2}{\376\377\225\177\224\376\122\126\122\006}{subsection.3.8}% 61
\BOOKMARK [2][-]{subsection.3.9}{\376\377\150\021\122\006\154\273}{section.3}% 62
\BOOKMARK [3][-]{subsubsection.3.9.1}{\376\377\160\271\122\006\154\273}{subsection.3.9}% 63
\BOOKMARK [3][-]{subsubsection.3.9.2}{\376\377\122\250\140\001\160\271\122\006\154\273}{subsection.3.9}% 64
\BOOKMARK [3][-]{subsubsection.3.9.3}{\376\377\122\250\140\001\122\250\140\001\160\271\122\006\154\273}{subsection.3.9}% 65
\BOOKMARK [2][-]{subsection.3.10}{\376\377\136\163\210\141\150\021}{section.3}% 66
\BOOKMARK [3][-]{subsubsection.3.10.1}{\376\377\173\033\123\141\134\024\150\021}{subsection.3.10}% 67
\BOOKMARK [3][-]{subsubsection.3.10.2}{\376\377\000f\000h\000q\000\040\000T\000r\000e\000a\000p}{subsection.3.10}% 68
\BOOKMARK [3][-]{subsubsection.3.10.3}{\376\377\000s\000p\000l\000a\000y}{subsection.3.10}% 69
\BOOKMARK [3][-]{subsubsection.3.10.4}{\376\377\000K\000D\000-\000T\000r\000e\000e}{subsection.3.10}% 70
\BOOKMARK [2][-]{subsection.3.11}{\376\377\000L\000i\000n\000k\000-\000C\000u\000t\000-\000T\000r\000e\000e}{section.3}% 71
\BOOKMARK [2][-]{subsection.3.12}{\376\377\206\132\150\021}{section.3}% 72
\BOOKMARK [1][-]{section.4}{\376\377\145\160\133\146\127\372\170\100}{}% 73
\BOOKMARK [2][-]{subsection.4.1}{\376\377\171\357\122\006\116\016\154\102\133\374}{section.4}% 74
\BOOKMARK [3][-]{subsubsection.4.1.1}{\376\377\136\070\145\160\124\214\127\372\147\054\122\035\173\111\121\375\145\160\166\204\133\374\145\160\121\154\137\017}{subsection.4.1}% 75
\BOOKMARK [3][-]{subsubsection.4.1.2}{\376\377\121\375\145\160\166\204\124\214\060\001\135\356\060\001\171\357\060\001\125\106\166\204\154\102\133\374\154\325\122\031}{subsection.4.1}% 76
\BOOKMARK [3][-]{subsubsection.4.1.3}{\376\377\123\315\121\375\145\160\154\102\133\374\154\325\122\031}{subsection.4.1}% 77
\BOOKMARK [3][-]{subsubsection.4.1.4}{\376\377\131\015\124\010\121\375\145\160\154\102\133\374\154\325\122\031}{subsection.4.1}% 78
\BOOKMARK [3][-]{subsubsection.4.1.5}{\376\377\133\232\171\357\122\006}{subsection.4.1}% 79
\BOOKMARK [3][-]{subsubsection.4.1.6}{\376\377\133\232\171\357\122\006\166\204\140\047\215\050}{subsection.4.1}% 80
\BOOKMARK [3][-]{subsubsection.4.1.7}{\376\377\171\357\122\006\121\154\137\017}{subsection.4.1}% 81
\BOOKMARK [2][-]{subsection.4.2}{\376\377\176\277\140\047\152\041\145\271\172\013}{section.4}% 82
\BOOKMARK [3][-]{subsubsection.4.2.1}{\376\377\215\071\232\154\134\017\133\232\164\006}{subsection.4.2}% 83
\BOOKMARK [3][-]{subsubsection.4.2.2}{\376\377\142\151\134\125\153\047\121\340\221\314\137\227}{subsection.4.2}% 84
\BOOKMARK [3][-]{subsubsection.4.2.3}{\376\377\174\173\153\047\121\340\221\314\137\227}{subsection.4.2}% 85
\BOOKMARK [3][-]{subsubsection.4.2.4}{\376\377\116\055\126\375\122\151\117\131\133\232\164\006}{subsection.4.2}% 86
\BOOKMARK [3][-]{subsubsection.4.2.5}{\376\377\142\151\134\125\116\055\126\375\122\151\117\131\133\232\164\006}{subsection.4.2}% 87
\BOOKMARK [3][-]{subsubsection.4.2.6}{\376\377\153\047\142\311\133\232\164\006}{subsection.4.2}% 88
\BOOKMARK [3][-]{subsubsection.4.2.7}{\376\377\142\151\134\125\153\047\142\311\133\232\164\006}{subsection.4.2}% 89
\BOOKMARK [3][-]{subsubsection.4.2.8}{\376\377\210\364\207\000\133\232\164\006}{subsection.4.2}% 90
\BOOKMARK [2][-]{subsection.4.3}{\376\377\171\273\145\143\145\160\133\146}{section.4}% 91
\BOOKMARK [3][-]{subsubsection.4.3.1}{\376\377\000B\000S\000G\000S}{subsection.4.3}% 92
\BOOKMARK [3][-]{subsubsection.4.3.2}{\376\377\142\151\134\125\000\040\000B\000S\000G\000S}{subsection.4.3}% 93
\BOOKMARK [3][-]{subsubsection.4.3.3}{\376\377\123\237\150\071}{subsection.4.3}% 94
\BOOKMARK [3][-]{subsubsection.4.3.4}{\376\377\215\050\145\160\122\044\133\232}{subsection.4.3}% 95
\BOOKMARK [3][-]{subsubsection.4.3.5}{\376\377\215\050\126\340\145\160\122\006\211\343}{subsection.4.3}% 96
\BOOKMARK [2][-]{subsection.4.4}{\376\377\171\357\140\047\121\375\145\160\116\016\162\304\122\051\121\113\226\367\123\167\171\357}{section.4}% 97
\BOOKMARK [3][-]{subsubsection.4.4.1}{\376\377\136\070\211\301\171\357\140\047\121\375\145\160}{subsection.4.4}% 98
\BOOKMARK [3][-]{subsubsection.4.4.2}{\376\377\176\277\140\047\173\133\154\325}{subsection.4.4}% 99
\BOOKMARK [3][-]{subsubsection.4.4.3}{\376\377\153\047\142\311\121\375\145\160}{subsection.4.4}% 100
\BOOKMARK [3][-]{subsubsection.4.4.4}{\376\377\203\253\153\324\116\114\145\257\121\375\145\160}{subsection.4.4}% 101
\BOOKMARK [3][-]{subsubsection.4.4.5}{\376\377\162\304\122\051\121\113\226\367\123\167\171\357}{subsection.4.4}% 102
\BOOKMARK [3][-]{subsubsection.4.4.6}{\376\377\147\134\145\131\173\133}{subsection.4.4}% 103
\BOOKMARK [3][-]{subsubsection.4.4.7}{\376\377\000m\000i\000n\0002\0005\173\133}{subsection.4.4}% 104
\BOOKMARK [2][-]{subsection.4.5}{\376\377\123\315\157\024\116\016\133\271\145\245}{section.4}% 105
\BOOKMARK [3][-]{subsubsection.4.5.1}{\376\377\123\315\157\024}{subsection.4.5}% 106
\BOOKMARK [3][-]{subsubsection.4.5.2}{\376\377\133\271\145\245\123\237\164\006}{subsection.4.5}% 107
\BOOKMARK [2][-]{subsection.4.6}{\376\377\176\304\124\010\145\160\133\146}{section.4}% 108
\BOOKMARK [3][-]{subsubsection.4.6.1}{\376\377\176\304\124\010\123\330\143\142}{subsection.4.6}% 109
\BOOKMARK [3][-]{subsubsection.4.6.2}{\376\377\123\142\123\141\145\257\133\232\164\006}{subsection.4.6}% 110
\BOOKMARK [3][-]{subsubsection.4.6.3}{\376\377\142\151\134\125\123\142\123\141\145\257\133\232\164\006}{subsection.4.6}% 111
\BOOKMARK [3][-]{subsubsection.4.6.4}{\376\377\123\141\162\171\121\160\145\160}{subsection.4.6}% 112
\BOOKMARK [3][-]{subsubsection.4.6.5}{\376\377\145\257\162\171\147\227\145\160}{subsection.4.6}% 113
\BOOKMARK [2][-]{subsection.4.7}{\376\377\165\037\142\020\121\375\145\160}{section.4}% 114
\BOOKMARK [2][-]{subsection.4.8}{\376\377\167\351\226\065\116\016\210\114\122\027\137\017}{section.4}% 115
\BOOKMARK [3][-]{subsubsection.4.8.1}{\376\377\167\351\226\065\137\353\220\037\136\102}{subsection.4.8}% 116
\BOOKMARK [3][-]{subsubsection.4.8.2}{\376\377\176\277\140\047\127\372}{subsection.4.8}% 117
\BOOKMARK [3][-]{subsubsection.4.8.3}{\376\377\232\330\145\257\155\210\121\103}{subsection.4.8}% 118
\BOOKMARK [3][-]{subsubsection.4.8.4}{\376\377\167\351\226\065\154\102\220\006}{subsection.4.8}% 119
\BOOKMARK [3][-]{subsubsection.4.8.5}{\376\377\210\114\122\027\137\017}{subsection.4.8}% 120
\BOOKMARK [3][-]{subsubsection.4.8.6}{\376\377\167\351\226\065\150\021\133\232\164\006}{subsection.4.8}% 121
\BOOKMARK [2][-]{subsection.4.9}{\376\377\137\353\220\037\120\205\221\314\123\366\123\330\143\142\116\016\131\032\230\171\137\017}{section.4}% 122
\BOOKMARK [3][-]{subsubsection.4.9.1}{\376\377\137\353\220\037\120\205\221\314\123\366\123\330\143\142\000\040\000F\000F\000T}{subsection.4.9}% 123
\BOOKMARK [3][-]{subsubsection.4.9.2}{\376\377\137\353\220\037\145\160\213\272\123\330\143\142\000\040\000N\000T\000T}{subsection.4.9}% 124
\BOOKMARK [3][-]{subsubsection.4.9.3}{\376\377\116\373\141\017\152\041\145\160\000\040\000N\000T\000T}{subsection.4.9}% 125
\BOOKMARK [3][-]{subsubsection.4.9.4}{\376\377\131\032\230\171\137\017}{subsection.4.9}% 126
\BOOKMARK [3][-]{subsubsection.4.9.5}{\376\377\137\353\220\037\154\203\134\024\116\300\123\330\143\142\000\040\000F\000W\000T}{subsection.4.9}% 127
\BOOKMARK [1][-]{section.5}{\376\377\126\376\213\272}{}% 128
\BOOKMARK [2][-]{subsection.5.1}{\376\377\165\037\142\020\150\021}{section.5}% 129
\BOOKMARK [3][-]{subsubsection.5.1.1}{\376\377\000P\000r\000i\000m\000\040\173\227\154\325}{subsection.5.1}% 130
\BOOKMARK [3][-]{subsubsection.5.1.2}{\376\377\000K\000r\000u\000s\000k\000a\000l\000\040\173\227\154\325}{subsection.5.1}% 131
\BOOKMARK [3][-]{subsubsection.5.1.3}{\376\377\000B\000o\000r\000u\000v\000k\000a\000\040\173\227\154\325}{subsection.5.1}% 132
\BOOKMARK [3][-]{subsubsection.5.1.4}{\376\377\000K\000r\000u\000s\000k\000a\000l\000\040\221\315\147\204\150\021}{subsection.5.1}% 133
\BOOKMARK [3][-]{subsubsection.5.1.5}{\376\377\147\061\122\030\173\227\154\325}{subsection.5.1}% 134
\BOOKMARK [2][-]{subsection.5.2}{\376\377\145\257\127\146\176\263\150\021}{section.5}% 135
\BOOKMARK [2][-]{subsection.5.3}{\376\377\217\336\220\032\140\047\166\370\121\163\225\356\230\230}{section.5}% 136
\BOOKMARK [3][-]{subsubsection.5.3.1}{\376\377\147\011\124\021\126\376\137\072\200\124\220\032\122\006\221\317}{subsection.5.3}% 137
\BOOKMARK [3][-]{subsubsection.5.3.2}{\376\377\145\340\124\021\126\376\123\314\200\124\220\032\122\006\221\317}{subsection.5.3}% 138
\BOOKMARK [3][-]{subsubsection.5.3.3}{\376\377\116\331\116\272\143\214}{subsection.5.3}% 139
\BOOKMARK [3][-]{subsubsection.5.3.4}{\376\377\127\006\145\271\150\021}{subsection.5.3}% 140
\BOOKMARK [3][-]{subsubsection.5.3.5}{\376\377\136\177\116\111\127\006\145\271\150\021}{subsection.5.3}% 141
\BOOKMARK [3][-]{subsubsection.5.3.6}{\376\377\0002\000-\000s\000a\000t\000\040\225\356\230\230}{subsection.5.3}% 142
\BOOKMARK [2][-]{subsection.5.4}{\376\377\147\000\167\355\000/\147\000\225\177\215\357\137\204}{section.5}% 143
\BOOKMARK [3][-]{subsubsection.5.4.1}{\376\377\000D\000i\000j\000k\000s\000t\000r\000a}{subsection.5.4}% 144
\BOOKMARK [3][-]{subsubsection.5.4.2}{\376\377\000B\000e\000l\000l\000m\000a\000n\000-\000f\000o\000r\000d}{subsection.5.4}% 145
\BOOKMARK [3][-]{subsubsection.5.4.3}{\376\377\000F\000l\000o\000y\000e\000d}{subsection.5.4}% 146
\BOOKMARK [3][-]{subsubsection.5.4.4}{\376\377\147\000\167\355\215\357\137\204\150\021\000/\147\000\167\355\215\357\137\204\000\040\000D\000A\000G}{subsection.5.4}% 147
\BOOKMARK [3][-]{subsubsection.5.4.5}{\376\377\135\356\122\006\176\246\147\137}{subsection.5.4}% 148
\BOOKMARK [2][-]{subsection.5.5}{\376\377\126\336\215\357\225\356\230\230}{section.5}% 149
\BOOKMARK [3][-]{subsubsection.5.5.1}{\376\377\153\047\142\311\126\336\215\357}{subsection.5.5}% 150
\BOOKMARK [3][-]{subsubsection.5.5.2}{\376\377\124\310\133\306\134\024\230\177\126\336\215\357}{subsection.5.5}% 151
\BOOKMARK [2][-]{subsection.5.6}{\376\377\172\336\215\133\126\376}{section.5}% 152
\BOOKMARK [3][-]{subsubsection.5.6.1}{\376\377\140\047\215\050\116\000}{subsection.5.6}% 153
\BOOKMARK [3][-]{subsubsection.5.6.2}{\376\377\140\047\215\050\116\214}{subsection.5.6}% 154
\BOOKMARK [3][-]{subsubsection.5.6.3}{\376\377\140\047\215\050\116\011}{subsection.5.6}% 155
\BOOKMARK [3][-]{subsubsection.5.6.4}{\376\377\140\047\215\050\126\333}{subsection.5.6}% 156
\BOOKMARK [3][-]{subsubsection.5.6.5}{\376\377\121\160\220\123\133\232\164\006}{subsection.5.6}% 157
\BOOKMARK [2][-]{subsection.5.7}{\376\377\116\214\122\006\126\376\116\016\177\121\176\334\155\101}{section.5}% 158
\BOOKMARK [3][-]{subsubsection.5.7.1}{\376\377\123\071\221\115\060\001\217\271\211\206\166\326\060\001\162\354\172\313\226\306\116\016\160\271\211\206\166\326}{subsection.5.7}% 159
\BOOKMARK [3][-]{subsubsection.5.7.2}{\376\377\000K\000\366\000n\000i\000g\000\040\133\232\164\006}{subsection.5.7}% 160
\BOOKMARK [3][-]{subsubsection.5.7.3}{\376\377\000H\000a\000l\000l\133\232\164\006}{subsection.5.7}% 161
\BOOKMARK [3][-]{subsubsection.5.7.4}{\376\377\116\214\122\006\126\376\147\000\131\047\123\071\221\115}{subsection.5.7}% 162
\BOOKMARK [3][-]{subsubsection.5.7.5}{\376\377\116\214\122\006\126\376\147\000\131\047\000/\147\000\134\017\147\103\123\071\221\115}{subsection.5.7}% 163
\BOOKMARK [3][-]{subsubsection.5.7.6}{\376\377\147\000\131\047\155\101\000/\147\000\134\017\122\162}{subsection.5.7}% 164
\BOOKMARK [3][-]{subsubsection.5.7.7}{\376\377\215\071\165\050\155\101}{subsection.5.7}% 165
\BOOKMARK [3][-]{subsubsection.5.7.8}{\376\377\145\340\156\220\145\340\154\107\116\012\116\013\165\114\123\357\210\114\155\101}{subsection.5.7}% 166
\BOOKMARK [3][-]{subsubsection.5.7.9}{\376\377\147\011\156\220\147\011\154\107\116\012\116\013\165\114\123\357\210\114\155\101}{subsection.5.7}% 167
\BOOKMARK [3][-]{subsubsection.5.7.10}{\376\377\147\011\156\220\147\011\154\107\116\012\116\013\165\114\147\000\131\047\155\101}{subsection.5.7}% 168
\BOOKMARK [3][-]{subsubsection.5.7.11}{\376\377\147\011\156\220\147\011\154\107\116\012\116\013\165\114\147\000\134\017\155\101}{subsection.5.7}% 169
\BOOKMARK [1][-]{section.6}{\376\377\133\127\173\046\116\062}{}% 170
\BOOKMARK [2][-]{subsection.6.1}{\376\377\133\127\173\046\116\062\127\372\170\100}{section.6}% 171
\BOOKMARK [3][-]{subsubsection.6.1.1}{\376\377\133\127\173\046\116\062\000\040\000H\000a\000s\000h}{subsection.6.1}% 172
\BOOKMARK [3][-]{subsubsection.6.1.2}{\376\377\147\000\134\017\137\252\163\257\210\150\171\072\154\325}{subsection.6.1}% 173
\BOOKMARK [3][-]{subsubsection.6.1.3}{\376\377\147\011\226\120\162\266\140\001\201\352\122\250\147\072}{subsection.6.1}% 174
\BOOKMARK [3][-]{subsubsection.6.1.4}{\376\377\136\217\122\027\201\352\122\250\147\072}{subsection.6.1}% 175
\BOOKMARK [3][-]{subsubsection.6.1.5}{\376\377\000T\000r\000i\000e\150\021}{subsection.6.1}% 176
\BOOKMARK [2][-]{subsection.6.2}{\376\377\122\115\177\000\133\127\173\046\116\062\173\227\154\325\124\214\145\160\143\156\176\323\147\204}{section.6}% 177
\BOOKMARK [3][-]{subsubsection.6.2.1}{\376\377\000K\000M\000P}{subsection.6.2}% 178
\BOOKMARK [3][-]{subsubsection.6.2.2}{\376\377\000A\000h\000o\000C\000o\000r\000a\000s\000i\000c\000k\201\352\122\250\147\072}{subsection.6.2}% 179
\BOOKMARK [2][-]{subsection.6.3}{\376\377\126\336\145\207\133\127\173\046\116\062\173\227\154\325\124\214\145\160\143\156\176\323\147\204}{section.6}% 180
\BOOKMARK [3][-]{subsubsection.6.3.1}{\376\377\000M\000a\000n\000a\000c\000h\000e\000r\000\040\173\227\154\325}{subsection.6.3}% 181
\BOOKMARK [3][-]{subsubsection.6.3.2}{\376\377\126\336\145\207\150\021\000/\126\336\145\207\201\352\122\250\147\072}{subsection.6.3}% 182
\BOOKMARK [2][-]{subsection.6.4}{\376\377\124\016\177\000\133\127\173\046\116\062\173\227\154\325\124\214\145\160\143\156\176\323\147\204}{section.6}% 183
\BOOKMARK [3][-]{subsubsection.6.4.1}{\376\377\124\016\177\000\145\160\176\304}{subsection.6.4}% 184
\BOOKMARK [3][-]{subsubsection.6.4.2}{\376\377\124\016\177\000\201\352\122\250\147\072}{subsection.6.4}% 185
\BOOKMARK [3][-]{subsubsection.6.4.3}{\376\377\136\177\116\111\124\016\177\000\201\352\122\250\147\072}{subsection.6.4}% 186
\BOOKMARK [1][-]{section.7}{\376\377\213\241\173\227\121\340\117\125}{}% 187
\BOOKMARK [2][-]{subsection.7.1}{\376\377\166\364\176\277\166\204\210\150\171\072\145\271\154\325}{section.7}% 188
\BOOKMARK [2][-]{subsection.7.2}{\376\377\154\102\116\011\211\322\137\142\227\142\171\357}{section.7}% 189
\BOOKMARK [2][-]{subsection.7.3}{\376\377\124\021\221\317\166\204\145\313\217\154}{section.7}% 190
\BOOKMARK [2][-]{subsection.7.4}{\376\377\154\102\166\364\176\277\166\204\116\244\160\271}{section.7}% 191
\BOOKMARK [2][-]{subsection.7.5}{\376\377\123\112\136\163\227\142\116\244}{section.7}% 192
\BOOKMARK [1][-]{section.8}{\376\377\123\132\137\010\213\272}{}% 193
\BOOKMARK [2][-]{subsection.8.1}{\376\377\127\372\147\054\133\232\116\111\124\214\140\047\215\050}{section.8}% 194
\BOOKMARK [3][-]{subsubsection.8.1.1}{\376\377\137\305\200\334\160\271\124\214\137\305\215\045\160\271}{subsection.8.1}% 195
\BOOKMARK [3][-]{subsubsection.8.1.2}{\376\377\145\340\120\117\123\132\137\010}{subsection.8.1}% 196
\BOOKMARK [2][-]{subsection.8.2}{\376\377\153\143\170\156\140\047\166\204\213\301\146\016\145\271\154\325}{section.8}% 197
\BOOKMARK [2][-]{subsection.8.3}{\376\377\133\371\142\227\144\034\175\042}{section.8}% 198
\BOOKMARK [2][-]{subsection.8.4}{\376\377\136\070\211\301\152\041\127\213}{section.8}% 199
\BOOKMARK [3][-]{subsubsection.8.4.1}{\376\377\135\364\116\300\123\132\137\010\000\050\000B\000a\000s\000h\000\040\000G\000a\000m\000e\377\011}{subsection.8.4}% 200
\BOOKMARK [3][-]{subsubsection.8.4.2}{\376\377\134\074\131\306\123\132\137\010\000\050\000N\000i\000m\000\040\000G\000a\000m\000e\000\051}{subsection.8.4}% 201
\BOOKMARK [3][-]{subsubsection.8.4.3}{\376\377\132\001\117\120\131\053\123\132\137\010\000\040\000\050\000W\000y\000t\000h\000o\000f\000f\000\040\000G\000a\000m\000e\000\051}{subsection.8.4}% 202
\BOOKMARK [2][-]{subsection.8.5}{\376\377\000S\000p\000r\000a\000g\000u\000e\000-\000G\000r\000u\000n\000d\000y\133\232\164\006\116\016\000S\000p\000r\000a\000g\000u\000e\000-\000G\000r\000u\000n\000d\000y\121\375\145\160}{section.8}% 203
\BOOKMARK [3][-]{subsubsection.8.5.1}{\376\377\133\232\116\111}{subsection.8.5}% 204
\BOOKMARK [3][-]{subsubsection.8.5.2}{\376\377\000A\000n\000t\000i\000-\000S\000G\000\040\156\070\142\017\124\214\000\040\000S\000J\133\232\164\006}{subsection.8.5}% 205
\BOOKMARK [3][-]{subsubsection.8.5.3}{\376\377\000M\000u\000l\000t\000i\000-\000S\000G\156\070\142\017}{subsection.8.5}% 206
\BOOKMARK [3][-]{subsubsection.8.5.4}{\376\377\177\373\170\154\136\001\156\070\142\017}{subsection.8.5}% 207
\BOOKMARK [1][-]{section.9}{\376\377\121\166\133\203}{}% 208
\BOOKMARK [2][-]{subsection.9.1}{\376\377\000S\000T\000L}{section.9}% 209
\BOOKMARK [3][-]{subsubsection.9.1.1}{\376\377\174\373\176\337\130\006}{subsection.9.1}% 210
\BOOKMARK [2][-]{subsection.9.2}{\376\377\122\006\127\127}{section.9}% 211
\BOOKMARK [3][-]{subsubsection.9.2.1}{\376\377\203\253\226\037\173\227\154\325}{subsection.9.2}% 212
\BOOKMARK [3][-]{subsubsection.9.2.2}{\376\377\136\046\117\356\203\253\226\037}{subsection.9.2}% 213
\BOOKMARK [3][-]{subsubsection.9.2.3}{\376\377\150\021\116\012\122\006\127\127}{subsection.9.2}% 214
\BOOKMARK [3][-]{subsubsection.9.2.4}{\376\377\150\021\116\012\203\253\226\037}{subsection.9.2}% 215
\BOOKMARK [2][-]{subsection.9.3}{\376\377\000M\000e\000e\000t\000\040\000i\000n\000\040\000t\000h\000e\000\040\000m\000i\000d\000d\000l\000e}{section.9}% 216
\BOOKMARK [2][-]{subsection.9.4}{\376\377\162\266\140\001\123\213\177\051}{section.9}% 217
\BOOKMARK [2][-]{subsection.9.5}{\376\377\145\234\163\207\117\030\123\026}{section.9}% 218
\BOOKMARK [2][-]{subsection.9.6}{\376\377\121\263\173\126\123\125\214\003}{section.9}% 219
\BOOKMARK [2][-]{subsection.9.7}{\376\377\144\112\217\330\122\006\147\220}{section.9}% 220
\BOOKMARK [2][-]{subsection.9.8}{\376\377\150\021\131\127\150\021}{section.9}% 221
\BOOKMARK [2][-]{subsection.9.9}{\376\377\000d\000s\000u\000\040\000o\000n\000\040\000t\000r\000e\000e}{section.9}% 222
\BOOKMARK [2][-]{subsection.9.10}{\376\377\136\163\227\142\215\335\171\273}{section.9}% 223
\BOOKMARK [3][-]{subsubsection.9.10.1}{\376\377\153\047\121\340\221\314\137\227\215\335\171\273}{subsection.9.10}% 224
\BOOKMARK [3][-]{subsubsection.9.10.2}{\376\377\146\374\124\310\230\177\215\335\171\273}{subsection.9.10}% 225
\BOOKMARK [3][-]{subsubsection.9.10.3}{\376\377\122\007\153\324\226\352\131\053\215\335\171\273}{subsection.9.10}% 226
\BOOKMARK [3][-]{subsubsection.9.10.4}{\376\377\122\007\153\324\226\352\131\053\215\335\171\273\116\016\146\374\124\310\230\177\215\335\171\273\166\204\217\154\123\026}{subsection.9.10}% 227
\BOOKMARK [2][-]{subsection.9.11}{\376\377\136\163\227\142\126\376\116\016\133\371\120\166\126\376}{section.9}% 228
\BOOKMARK [2][-]{subsection.9.12}{\376\377\116\214\217\333\122\066\122\006\176\304}{section.9}% 229
\BOOKMARK [1][-]{section.10}{\376\377\123\302\200\003\215\104\145\231}{}% 230
